2022-2022-07 13:12 [INFO][restartedMain][c.b.e.EmployeePayrollApplication:55] Starting EmployeePayrollApplication using Java 18.0.1.1 on DESKTOP-QGSK132 with PID 3392 (C:\Users\91776\Downloads\spring\EmployeePayroll\target\classes started by 91776 in C:\Users\91776\Downloads\spring\EmployeePayroll)
2022-2022-07 13:12 [INFO][restartedMain][c.b.e.EmployeePayrollApplication:646] The following 1 profile is active: "test"
2022-2022-07 13:12 [INFO][restartedMain][o.s.b.d.e.DevToolsPropertyDefaultsPostProcessor:255] Devtools property defaults active! Set 'spring.devtools.add-properties' to 'false' to disable
2022-2022-07 13:12 [INFO][restartedMain][o.s.b.d.e.DevToolsPropertyDefaultsPostProcessor:255] For additional web related logging consider setting the 'logging.level.web' property to 'DEBUG'
2022-2022-07 13:12 [INFO][restartedMain][o.s.d.r.c.RepositoryConfigurationDelegate:132] Bootstrapping Spring Data JPA repositories in DEFAULT mode.
2022-2022-07 13:12 [INFO][restartedMain][o.s.d.r.c.RepositoryConfigurationDelegate:201] Finished Spring Data repository scanning in 118 ms. Found 1 JPA repository interfaces.
2022-2022-07 13:12 [INFO][restartedMain][o.s.b.w.e.t.TomcatWebServer:108] Tomcat initialized with port(s): 8080 (http)
2022-2022-07 13:12 [INFO][restartedMain][o.a.c.c.StandardService:173] Starting service [Tomcat]
2022-2022-07 13:12 [INFO][restartedMain][o.a.c.c.StandardEngine:173] Starting Servlet engine: [Apache Tomcat/9.0.62]
2022-2022-07 13:12 [INFO][restartedMain][o.a.c.c.C.[.[.[/]:173] Initializing Spring embedded WebApplicationContext
2022-2022-07 13:12 [INFO][restartedMain][o.s.b.w.s.c.ServletWebServerApplicationContext:290] Root WebApplicationContext: initialization completed in 3210 ms
2022-2022-07 13:12 [INFO][restartedMain][o.h.j.i.u.LogHelper:31] HHH000204: Processing PersistenceUnitInfo [name: default]
2022-2022-07 13:12 [INFO][restartedMain][o.h.Version:44] HHH000412: Hibernate ORM core version 5.6.8.Final
2022-2022-07 13:12 [INFO][restartedMain][o.h.a.c.Version:56] HCANN000001: Hibernate Commons Annotations {5.1.2.Final}
2022-2022-07 13:12 [INFO][restartedMain][c.z.h.HikariDataSource:110] HikariPool-1 - Starting...
2022-2022-07 13:12 [INFO][restartedMain][c.z.h.HikariDataSource:123] HikariPool-1 - Start completed.
2022-2022-07 13:12 [INFO][restartedMain][o.h.d.Dialect:175] HHH000400: Using dialect: org.hibernate.dialect.MySQL8Dialect
2022-2022-07 13:12 [INFO][restartedMain][o.h.e.t.j.p.i.JtaPlatformInitiator:52] HHH000490: Using JtaPlatform implementation: [org.hibernate.engine.transaction.jta.platform.internal.NoJtaPlatform]
2022-2022-07 13:12 [INFO][restartedMain][o.s.o.j.LocalContainerEntityManagerFactoryBean:437] Initialized JPA EntityManagerFactory for persistence unit 'default'
2022-2022-07 13:12 [WARN][restartedMain][o.s.b.a.o.j.JpaBaseConfiguration$JpaWebConfiguration:219] spring.jpa.open-in-view is enabled by default. Therefore, database queries may be performed during view rendering. Explicitly configure spring.jpa.open-in-view to disable this warning
2022-2022-07 13:12 [WARN][restartedMain][o.s.b.a.t.ThymeleafAutoConfiguration$DefaultTemplateResolverConfiguration:104] Cannot find template location: classpath:/templates/ (please add some templates or check your Thymeleaf configuration)
2022-2022-07 13:12 [INFO][restartedMain][o.s.b.d.a.OptionalLiveReloadServer:58] LiveReload server is running on port 35729
2022-2022-07 13:12 [INFO][restartedMain][o.s.b.w.e.t.TomcatWebServer:220] Tomcat started on port(s): 8080 (http) with context path ''
2022-2022-07 13:12 [INFO][restartedMain][c.b.e.EmployeePayrollApplication:61] Started EmployeePayrollApplication in 8.089 seconds (JVM running for 10.597)
2022-2022-07 13:16 [INFO][SpringApplicationShutdownHook][o.s.o.j.LocalContainerEntityManagerFactoryBean:651] Closing JPA EntityManagerFactory for persistence unit 'default'
2022-2022-07 13:16 [INFO][SpringApplicationShutdownHook][c.z.h.HikariDataSource:350] HikariPool-1 - Shutdown initiated...
2022-2022-07 13:16 [INFO][SpringApplicationShutdownHook][c.z.h.HikariDataSource:352] HikariPool-1 - Shutdown completed.
2022-2022-07 13:16 [INFO][restartedMain][c.b.e.EmployeePayrollApplication:55] Starting EmployeePayrollApplication using Java 18.0.1.1 on DESKTOP-QGSK132 with PID 12196 (C:\Users\91776\Downloads\spring\EmployeePayroll\target\classes started by 91776 in C:\Users\91776\Downloads\spring\EmployeePayroll)
2022-2022-07 13:16 [INFO][restartedMain][c.b.e.EmployeePayrollApplication:646] The following 1 profile is active: "test"
2022-2022-07 13:16 [INFO][restartedMain][o.s.b.d.e.DevToolsPropertyDefaultsPostProcessor:255] Devtools property defaults active! Set 'spring.devtools.add-properties' to 'false' to disable
2022-2022-07 13:16 [INFO][restartedMain][o.s.b.d.e.DevToolsPropertyDefaultsPostProcessor:255] For additional web related logging consider setting the 'logging.level.web' property to 'DEBUG'
2022-2022-07 13:16 [INFO][restartedMain][o.s.d.r.c.RepositoryConfigurationDelegate:132] Bootstrapping Spring Data JPA repositories in DEFAULT mode.
2022-2022-07 13:16 [INFO][restartedMain][o.s.d.r.c.RepositoryConfigurationDelegate:201] Finished Spring Data repository scanning in 83 ms. Found 1 JPA repository interfaces.
2022-2022-07 13:16 [INFO][restartedMain][o.s.b.w.e.t.TomcatWebServer:108] Tomcat initialized with port(s): 8080 (http)
2022-2022-07 13:16 [INFO][restartedMain][o.a.c.c.StandardService:173] Starting service [Tomcat]
2022-2022-07 13:16 [INFO][restartedMain][o.a.c.c.StandardEngine:173] Starting Servlet engine: [Apache Tomcat/9.0.62]
2022-2022-07 13:16 [INFO][restartedMain][o.a.c.c.C.[.[.[/]:173] Initializing Spring embedded WebApplicationContext
2022-2022-07 13:16 [INFO][restartedMain][o.s.b.w.s.c.ServletWebServerApplicationContext:290] Root WebApplicationContext: initialization completed in 2864 ms
2022-2022-07 13:16 [INFO][restartedMain][o.h.j.i.u.LogHelper:31] HHH000204: Processing PersistenceUnitInfo [name: default]
2022-2022-07 13:16 [INFO][restartedMain][o.h.Version:44] HHH000412: Hibernate ORM core version 5.6.8.Final
2022-2022-07 13:16 [INFO][restartedMain][o.h.a.c.Version:56] HCANN000001: Hibernate Commons Annotations {5.1.2.Final}
2022-2022-07 13:16 [INFO][restartedMain][c.z.h.HikariDataSource:110] HikariPool-1 - Starting...
2022-2022-07 13:16 [INFO][restartedMain][c.z.h.HikariDataSource:123] HikariPool-1 - Start completed.
2022-2022-07 13:16 [INFO][restartedMain][o.h.d.Dialect:175] HHH000400: Using dialect: org.hibernate.dialect.MySQL8Dialect
2022-2022-07 13:16 [INFO][restartedMain][o.h.e.t.j.p.i.JtaPlatformInitiator:52] HHH000490: Using JtaPlatform implementation: [org.hibernate.engine.transaction.jta.platform.internal.NoJtaPlatform]
2022-2022-07 13:16 [INFO][restartedMain][o.s.o.j.LocalContainerEntityManagerFactoryBean:437] Initialized JPA EntityManagerFactory for persistence unit 'default'
2022-2022-07 13:16 [WARN][restartedMain][o.s.b.a.o.j.JpaBaseConfiguration$JpaWebConfiguration:219] spring.jpa.open-in-view is enabled by default. Therefore, database queries may be performed during view rendering. Explicitly configure spring.jpa.open-in-view to disable this warning
2022-2022-07 13:16 [WARN][restartedMain][o.s.b.a.t.ThymeleafAutoConfiguration$DefaultTemplateResolverConfiguration:104] Cannot find template location: classpath:/templates/ (please add some templates or check your Thymeleaf configuration)
2022-2022-07 13:16 [INFO][restartedMain][o.s.b.d.a.OptionalLiveReloadServer:58] LiveReload server is running on port 35729
2022-2022-07 13:16 [INFO][restartedMain][o.s.b.w.e.t.TomcatWebServer:220] Tomcat started on port(s): 8080 (http) with context path ''
2022-2022-07 13:16 [INFO][restartedMain][c.b.e.EmployeePayrollApplication:61] Started EmployeePayrollApplication in 6.981 seconds (JVM running for 8.919)
2022-2022-07 13:17 [INFO][http-nio-8080-exec-1][o.a.c.c.C.[.[.[/]:173] Initializing Spring DispatcherServlet 'dispatcherServlet'
2022-2022-07 13:17 [INFO][http-nio-8080-exec-1][o.s.w.s.DispatcherServlet:525] Initializing Servlet 'dispatcherServlet'
2022-2022-07 13:17 [INFO][http-nio-8080-exec-1][o.s.w.s.DispatcherServlet:547] Completed initialization in 5 ms
2022-2022-07 13:18 [WARN][http-nio-8080-exec-6][o.s.w.s.m.m.a.ExceptionHandlerExceptionResolver:208] Resolved [org.springframework.web.bind.MethodArgumentNotValidException: Validation failed for argument [0] in public org.springframework.http.ResponseEntity<com.bridgelabz.employeepayroll.dto.ResponseDTO> com.bridgelabz.employeepayroll.controller.EmployeeController.addEmployee(com.bridgelabz.employeepayroll.dto.EmployeeDTO): [Field error in object 'employeeDTO' on field 'startDate': rejected value [2022-07-24]; codes [PastOrPresent.employeeDTO.startDate,PastOrPresent.startDate,PastOrPresent.java.time.LocalDate,PastOrPresent]; arguments [org.springframework.context.support.DefaultMessageSourceResolvable: codes [employeeDTO.startDate,startDate]; arguments []; default message [startDate]]; default message [Enter valid date]] ]
2022-2022-07 13:18 [WARN][http-nio-8080-exec-5][o.s.w.s.m.m.a.ExceptionHandlerExceptionResolver:208] Resolved [org.springframework.web.bind.MethodArgumentNotValidException: Validation failed for argument [0] in public org.springframework.http.ResponseEntity<com.bridgelabz.employeepayroll.dto.ResponseDTO> com.bridgelabz.employeepayroll.controller.EmployeeController.addEmployee(com.bridgelabz.employeepayroll.dto.EmployeeDTO): [Field error in object 'employeeDTO' on field 'startDate': rejected value [2022-07-24]; codes [PastOrPresent.employeeDTO.startDate,PastOrPresent.startDate,PastOrPresent.java.time.LocalDate,PastOrPresent]; arguments [org.springframework.context.support.DefaultMessageSourceResolvable: codes [employeeDTO.startDate,startDate]; arguments []; default message [startDate]]; default message [Enter valid date]] ]
2022-2022-07 13:19 [WARN][http-nio-8080-exec-7][o.s.w.s.m.m.a.ExceptionHandlerExceptionResolver:208] Resolved [org.springframework.web.bind.MethodArgumentNotValidException: Validation failed for argument [0] in public org.springframework.http.ResponseEntity<com.bridgelabz.employeepayroll.dto.ResponseDTO> com.bridgelabz.employeepayroll.controller.EmployeeController.addEmployee(com.bridgelabz.employeepayroll.dto.EmployeeDTO): [Field error in object 'employeeDTO' on field 'startDate': rejected value [2022-07-24]; codes [PastOrPresent.employeeDTO.startDate,PastOrPresent.startDate,PastOrPresent.java.time.LocalDate,PastOrPresent]; arguments [org.springframework.context.support.DefaultMessageSourceResolvable: codes [employeeDTO.startDate,startDate]; arguments []; default message [startDate]]; default message [Enter valid date]] ]
2022-2022-07 13:19 [WARN][http-nio-8080-exec-8][o.s.w.s.m.m.a.ExceptionHandlerExceptionResolver:208] Resolved [org.springframework.web.bind.MethodArgumentNotValidException: Validation failed for argument [0] in public org.springframework.http.ResponseEntity<com.bridgelabz.employeepayroll.dto.ResponseDTO> com.bridgelabz.employeepayroll.controller.EmployeeController.addEmployee(com.bridgelabz.employeepayroll.dto.EmployeeDTO): [Field error in object 'employeeDTO' on field 'startDate': rejected value [2022-07-24]; codes [PastOrPresent.employeeDTO.startDate,PastOrPresent.startDate,PastOrPresent.java.time.LocalDate,PastOrPresent]; arguments [org.springframework.context.support.DefaultMessageSourceResolvable: codes [employeeDTO.startDate,startDate]; arguments []; default message [startDate]]; default message [Enter valid date]] ]
2022-2022-07 13:34 [WARN][HikariPool-1 housekeeper][c.z.h.p.HikariPool:788] HikariPool-1 - Thread starvation or clock leap detected (housekeeper delta=8m50s134ms179µs600ns).
2022-2022-07 13:44 [INFO][SpringApplicationShutdownHook][o.s.o.j.LocalContainerEntityManagerFactoryBean:651] Closing JPA EntityManagerFactory for persistence unit 'default'
2022-2022-07 13:44 [INFO][SpringApplicationShutdownHook][c.z.h.HikariDataSource:350] HikariPool-1 - Shutdown initiated...
2022-2022-07 13:44 [INFO][SpringApplicationShutdownHook][c.z.h.HikariDataSource:352] HikariPool-1 - Shutdown completed.
2022-2022-07 13:44 [INFO][restartedMain][c.b.e.EmployeePayrollApplication:55] Starting EmployeePayrollApplication using Java 18.0.1.1 on DESKTOP-QGSK132 with PID 9112 (C:\Users\91776\Downloads\spring\EmployeePayroll\target\classes started by 91776 in C:\Users\91776\Downloads\spring\EmployeePayroll)
2022-2022-07 13:44 [INFO][restartedMain][c.b.e.EmployeePayrollApplication:646] The following 1 profile is active: "test"
2022-2022-07 13:44 [INFO][restartedMain][o.s.b.d.e.DevToolsPropertyDefaultsPostProcessor:255] Devtools property defaults active! Set 'spring.devtools.add-properties' to 'false' to disable
2022-2022-07 13:44 [INFO][restartedMain][o.s.b.d.e.DevToolsPropertyDefaultsPostProcessor:255] For additional web related logging consider setting the 'logging.level.web' property to 'DEBUG'
2022-2022-07 13:44 [INFO][restartedMain][o.s.d.r.c.RepositoryConfigurationDelegate:132] Bootstrapping Spring Data JPA repositories in DEFAULT mode.
2022-2022-07 13:44 [INFO][restartedMain][o.s.d.r.c.RepositoryConfigurationDelegate:201] Finished Spring Data repository scanning in 92 ms. Found 1 JPA repository interfaces.
2022-2022-07 13:44 [INFO][restartedMain][o.s.b.w.e.t.TomcatWebServer:108] Tomcat initialized with port(s): 8080 (http)
2022-2022-07 13:44 [INFO][restartedMain][o.a.c.c.StandardService:173] Starting service [Tomcat]
2022-2022-07 13:44 [INFO][restartedMain][o.a.c.c.StandardEngine:173] Starting Servlet engine: [Apache Tomcat/9.0.62]
2022-2022-07 13:44 [INFO][restartedMain][o.a.c.c.C.[.[.[/]:173] Initializing Spring embedded WebApplicationContext
2022-2022-07 13:44 [INFO][restartedMain][o.s.b.w.s.c.ServletWebServerApplicationContext:290] Root WebApplicationContext: initialization completed in 3222 ms
2022-2022-07 13:44 [INFO][restartedMain][o.h.j.i.u.LogHelper:31] HHH000204: Processing PersistenceUnitInfo [name: default]
2022-2022-07 13:44 [INFO][restartedMain][o.h.Version:44] HHH000412: Hibernate ORM core version 5.6.8.Final
2022-2022-07 13:44 [INFO][restartedMain][o.h.a.c.Version:56] HCANN000001: Hibernate Commons Annotations {5.1.2.Final}
2022-2022-07 13:44 [INFO][restartedMain][c.z.h.HikariDataSource:110] HikariPool-1 - Starting...
2022-2022-07 13:44 [INFO][restartedMain][c.z.h.HikariDataSource:123] HikariPool-1 - Start completed.
2022-2022-07 13:44 [INFO][restartedMain][o.h.d.Dialect:175] HHH000400: Using dialect: org.hibernate.dialect.MySQL8Dialect
2022-2022-07 13:44 [INFO][restartedMain][o.h.e.t.j.p.i.JtaPlatformInitiator:52] HHH000490: Using JtaPlatform implementation: [org.hibernate.engine.transaction.jta.platform.internal.NoJtaPlatform]
2022-2022-07 13:44 [INFO][restartedMain][o.s.o.j.LocalContainerEntityManagerFactoryBean:437] Initialized JPA EntityManagerFactory for persistence unit 'default'
2022-2022-07 13:45 [WARN][restartedMain][o.s.b.a.o.j.JpaBaseConfiguration$JpaWebConfiguration:219] spring.jpa.open-in-view is enabled by default. Therefore, database queries may be performed during view rendering. Explicitly configure spring.jpa.open-in-view to disable this warning
2022-2022-07 13:45 [WARN][restartedMain][o.s.b.a.t.ThymeleafAutoConfiguration$DefaultTemplateResolverConfiguration:104] Cannot find template location: classpath:/templates/ (please add some templates or check your Thymeleaf configuration)
2022-2022-07 13:45 [INFO][restartedMain][o.s.b.d.a.OptionalLiveReloadServer:58] LiveReload server is running on port 35729
2022-2022-07 13:45 [INFO][restartedMain][o.s.b.w.e.t.TomcatWebServer:220] Tomcat started on port(s): 8080 (http) with context path ''
2022-2022-07 13:45 [INFO][restartedMain][c.b.e.EmployeePayrollApplication:61] Started EmployeePayrollApplication in 8.396 seconds (JVM running for 11.238)
2022-2022-07 13:45 [INFO][http-nio-8080-exec-2][o.a.c.c.C.[.[.[/]:173] Initializing Spring DispatcherServlet 'dispatcherServlet'
2022-2022-07 13:45 [INFO][http-nio-8080-exec-2][o.s.w.s.DispatcherServlet:525] Initializing Servlet 'dispatcherServlet'
2022-2022-07 13:45 [INFO][http-nio-8080-exec-2][o.s.w.s.DispatcherServlet:547] Completed initialization in 2 ms
2022-2022-07 15:11 [WARN][HikariPool-1 housekeeper][c.z.h.p.HikariPool:788] HikariPool-1 - Thread starvation or clock leap detected (housekeeper delta=1h9m18s689ms411µs700ns).
